Copyright 1986-2015 Xilinx, Inc. All Rights Reserved.
-----------------------------------------------------------------------------------------------
| Tool Version : Vivado v.2015.2 (win64) Build 1266856 Fri Jun 26 16:35:25 MDT 2015
| Date         : Wed Sep 06 18:04:33 2017
| Host         : DESKTOP-R4VK0U2 running 64-bit major release  (build 9200)
| Command      : report_control_sets -verbose -file ECentralController_control_sets_placed.rpt
| Design       : ECentralController
| Device       : xc7a100t
-----------------------------------------------------------------------------------------------

Control Set Information

Table of Contents
-----------------
1. Summary
2. Flip-Flop Distribution
3. Detailed Control Set Information

1. Summary
----------

+-------------------------------------------------------------------+-------+
|                               Status                              | Count |
+-------------------------------------------------------------------+-------+
| Number of unique control sets                                     |     3 |
| Minimum Number of register sites lost to control set restrictions |    12 |
+-------------------------------------------------------------------+-------+


2. Flip-Flop Distribution
-------------------------

+--------------+-----------------------+------------------------+-----------------+--------------+
| Clock Enable | Synchronous Set/Reset | Asynchronous Set/Reset | Total Registers | Total Slices |
+--------------+-----------------------+------------------------+-----------------+--------------+
| No           | No                    | No                     |               4 |            3 |
| No           | No                    | Yes                    |               0 |            0 |
| No           | Yes                   | No                     |              32 |            8 |
| Yes          | No                    | No                     |               0 |            0 |
| Yes          | No                    | Yes                    |               0 |            0 |
| Yes          | Yes                   | No                     |               0 |            0 |
+--------------+-----------------------+------------------------+-----------------+--------------+


3. Detailed Control Set Information
-----------------------------------

+----------------+---------------+-----------------------------+------------------+----------------+
|  Clock Signal  | Enable Signal |       Set/Reset Signal      | Slice Load Count | Bel Load Count |
+----------------+---------------+-----------------------------+------------------+----------------+
|  CLK_IBUF_BUFG |               |                             |                1 |              1 |
|  clockscan/CLK |               |                             |                2 |              3 |
|  CLK_IBUF_BUFG |               | clockscan/cnt[0]_i_1__0_n_0 |                8 |             32 |
+----------------+---------------+-----------------------------+------------------+----------------+


