INFO: [VRFC 10-2263] Analyzing Verilog file "C:/Users/jojo/Desktop/Elevator/elevator_project/elevator_project.sim/sim_1/synth/timing/input_tb_time_synth.v" into library xil_defaultlib
INFO: [VRFC 10-311] analyzing module ClockDivider
INFO: [VRFC 10-311] analyzing module ClockDivider__parameterized0
INFO: [VRFC 10-311] analyzing module ClockDivider__parameterized1
INFO: [VRFC 10-311] analyzing module Display
INFO: [VRFC 10-311] analyzing module ECentralController
INFO: [VRFC 10-311] analyzing module FSM
INFO: [VRFC 10-311] analyzing module InputProcessor
INFO: [VRFC 10-311] analyzing module StatusInputBuffer
INFO: [VRFC 10-311] analyzing module StatusTransition
INFO: [VRFC 10-311] analyzing module _7SegDecoder
INFO: [VRFC 10-311] analyzing module timer
INFO: [VRFC 10-311] analyzing module timer_0
INFO: [VRFC 10-311] analyzing module timer__parameterized0
INFO: [VRFC 10-311] analyzing module timer__parameterized1
INFO: [VRFC 10-311] analyzing module timer__parameterized2
INFO: [VRFC 10-311] analyzing module glbl
INFO: [VRFC 10-2263] Analyzing Verilog file "C:/Users/jojo/Desktop/Elevator/InputProcessor.v" into library xil_defaultlib
INFO: [VRFC 10-311] analyzing module InputProcessor
WARNING: [VRFC 10-1195] overwriting previous definition of module InputProcessor [C:/Users/jojo/Desktop/Elevator/InputProcessor.v:3]
INFO: [VRFC 10-2263] Analyzing Verilog file "C:/Users/jojo/Desktop/Elevator/Display.v" into library xil_defaultlib
INFO: [VRFC 10-311] analyzing module _7SegDecoder
WARNING: [VRFC 10-1195] overwriting previous definition of module _7SegDecoder [C:/Users/jojo/Desktop/Elevator/Display.v:3]
INFO: [VRFC 10-311] analyzing module Display
WARNING: [VRFC 10-1195] overwriting previous definition of module Display [C:/Users/jojo/Desktop/Elevator/Display.v:44]
INFO: [VRFC 10-2263] Analyzing Verilog file "C:/Users/jojo/Desktop/Elevator/test_bentch/top_tb.v" into library xil_defaultlib
INFO: [VRFC 10-311] analyzing module input_tb
INFO: [VRFC 10-2263] Analyzing Verilog file "C:/Users/jojo/Desktop/Elevator/elevator_project/elevator_project.sim/sim_1/synth/timing/glbl.v" into library xil_defaultlib
INFO: [VRFC 10-311] analyzing module glbl
WARNING: [VRFC 10-1195] overwriting previous definition of module glbl [C:/Users/jojo/Desktop/Elevator/elevator_project/elevator_project.sim/sim_1/synth/timing/glbl.v:6]
