#-----------------------------------------------------------
# Vivado v2015.2 (64-bit)
# SW Build 1266856 on Fri Jun 26 16:35:25 MDT 2015
# IP Build 1264090 on Wed Jun 24 14:22:01 MDT 2015
# Start of session at: Tue Sep 05 23:38:15 2017
# Process ID: 6272
# Log file: C:/Users/jojo/Desktop/Elevator/Elevator/vivado.log
# Journal file: C:/Users/jojo/Desktop/Elevator/Elevator\vivado.jou
#-----------------------------------------------------------
start_gui
open_project C:/Users/jojo/Desktop/Elevator/Elevator/Elevator.xpr
INFO: [Project 1-313] Project file moved from 'D:/Elevator/Elevator' since last save.
Scanning sources...
Finished scanning sources
INFO: [IP_Flow 19-234] Refreshing IP repositories
INFO: [IP_Flow 19-1704] No user IP repositories specified
INFO: [IP_Flow 19-2313] Loaded Vivado IP repository 'C:/Xilinx/Vivado/2015.2/data/ip'.
open_project: Time (s): cpu = 00:00:18 ; elapsed = 00:00:09 . Memory (MB): peak = 700.133 ; gain = 155.766
reset_run synth_1
launch_runs impl_1
[Tue Sep 05 23:41:45 2017] Launched synth_1...
Run output will be captured here: C:/Users/jojo/Desktop/Elevator/Elevator/Elevator.runs/synth_1/runme.log
[Tue Sep 05 23:41:45 2017] Launched impl_1...
Run output will be captured here: C:/Users/jojo/Desktop/Elevator/Elevator/Elevator.runs/impl_1/runme.log
launch_runs impl_1 -to_step write_bitstream
[Tue Sep 05 23:43:36 2017] Launched impl_1...
Run output will be captured here: C:/Users/jojo/Desktop/Elevator/Elevator/Elevator.runs/impl_1/runme.log
update_compile_order -fileset sources_1
update_compile_order -fileset sources_1
update_compile_order -fileset sim_1
update_compile_order -fileset sources_1
set_property STEPS.WRITE_BITSTREAM.TCL.PRE {} [get_runs impl_1]
undo
INFO: [Common 17-17] undo 'set_property STEPS.WRITE_BITSTREAM.TCL.PRE {} [get_runs impl_1]'
reset_run synth_1
launch_runs impl_1
[Tue Sep 05 23:45:55 2017] Launched synth_1...
Run output will be captured here: C:/Users/jojo/Desktop/Elevator/Elevator/Elevator.runs/synth_1/runme.log
[Tue Sep 05 23:45:55 2017] Launched impl_1...
Run output will be captured here: C:/Users/jojo/Desktop/Elevator/Elevator/Elevator.runs/impl_1/runme.log
launch_runs impl_1 -to_step write_bitstream
[Tue Sep 05 23:48:19 2017] Launched impl_1...
Run output will be captured here: C:/Users/jojo/Desktop/Elevator/Elevator/Elevator.runs/impl_1/runme.log
set_property STEPS.WRITE_BITSTREAM.TCL.PRE {} [get_runs impl_1]
reset_run impl_1 -prev_step 
launch_runs impl_1 -to_step write_bitstream
[Tue Sep 05 23:48:54 2017] Launched impl_1...
Run output will be captured here: C:/Users/jojo/Desktop/Elevator/Elevator/Elevator.runs/impl_1/runme.log
update_compile_order -fileset sources_1
update_compile_order -fileset sim_1
update_compile_order -fileset sources_1
reset_run synth_1
launch_runs impl_1
[Wed Sep 06 00:05:00 2017] Launched synth_1...
Run output will be captured here: C:/Users/jojo/Desktop/Elevator/Elevator/Elevator.runs/synth_1/runme.log
[Wed Sep 06 00:05:00 2017] Launched impl_1...
Run output will be captured here: C:/Users/jojo/Desktop/Elevator/Elevator/Elevator.runs/impl_1/runme.log
launch_runs impl_1 -to_step write_bitstream
[Wed Sep 06 00:07:01 2017] Launched impl_1...
Run output will be captured here: C:/Users/jojo/Desktop/Elevator/Elevator/Elevator.runs/impl_1/runme.log
exit
INFO: [Common 17-206] Exiting Vivado at Wed Sep 06 00:23:55 2017...
